<?xml version="1.0" encoding="UTF-8"?>
<!-- Generated by org.testng.reporters.JUnitXMLReporter -->
<testsuite hostname="Shree-PC" ignored="0" name="Test" tests="12" failures="2" timestamp="10 Mar 2020 05:36:44 GMT" time="208.12" errors="0">
  <testcase name="loginPageTitleTest" time="0.076" classname="com.crm.qa.testcases.LoginPageTest">
    <failure type="java.lang.AssertionError" message="CRMPRO - CRM software for customer relationship management, sales, and support. expected:&amp;lt;CRMPRO - CRM software for customer relationship management, sales, and support.&amp;gt; but was:&amp;lt;login page title is not matched&amp;gt;">
      <![CDATA[java.lang.AssertionError: CRMPRO - CRM software for customer relationship management, sales, and support. expected:<CRMPRO - CRM software for customer relationship management, sales, and support.> but was:<login page title is not matched>
	at com.crm.qa.testcases.LoginPageTest.loginPageTitleTest(LoginPageTest.java:39)
... Removed 26 stack frames]]>
    </failure>
  </testcase> <!-- loginPageTitleTest -->
  <testcase name="homePageTitleTest" time="0.008" classname="com.crm.qa.testcases.HomePageTest"/>
  <testcase name="contactsPageLableTest" time="0.054" classname="com.crm.qa.testcases.ContactsPageTest"/>
  <testcase name="crmLOgoImageTest" time="0.066" classname="com.crm.qa.testcases.LoginPageTest"/>
  <testcase name="userLableTest" time="0.079" classname="com.crm.qa.testcases.HomePageTest"/>
  <testcase name="selectContactsCheckboxTest" time="0.104" classname="com.crm.qa.testcases.ContactsPageTest"/>
  <testcase name="loginTest" time="2.135" classname="com.crm.qa.testcases.LoginPageTest">
    <failure type="org.openqa.selenium.ElementClickInterceptedException" message="element click intercepted: Element &amp;lt;input type=&amp;quot;submit&amp;quot; value=&amp;quot;Login&amp;quot; class=&amp;quot;btn btn-small&amp;quot;&amp;gt; is not clickable at point (946, 116). Other element would receive the click: &amp;lt;div id=&amp;quot;preloader&amp;quot; style=&amp;quot;opacity: 0.580136;&amp;quot;&amp;gt;...&amp;lt;/div&amp;gt;
  (Session info: chrome=80.0.3987.132)
Build info: version: &amp;apos;3.141.59&amp;apos;, revision: &amp;apos;e82be7d358&amp;apos;, time: &amp;apos;2018-11-14T08:17:03&amp;apos;
System info: host: &amp;apos;SHREE-PC&amp;apos;, ip: &amp;apos;192.168.0.102&amp;apos;, os.name: &amp;apos;Windows 7&amp;apos;, os.arch: &amp;apos;x86&amp;apos;, os.version: &amp;apos;6.1&amp;apos;, java.version: &amp;apos;1.8.0_151&amp;apos;
Driver info: org.openqa.selenium.chrome.ChromeDriver
Capabilities {acceptInsecureCerts: false, browserName: chrome, browserVersion: 80.0.3987.132, chrome: {chromedriverVersion: 80.0.3987.16 (320f6526c1632..., userDataDir: C:\Users\Shree\AppData\Loca...}, goog:chromeOptions: {debuggerAddress: localhost:49662}, javascriptEnabled: true, networkConnectionEnabled: false, pageLoadStrategy: normal, platform: WINDOWS, platformName: WINDOWS, proxy: Proxy(), setWindowRect: true, strictFileInteractability: false, timeouts: {implicit: 0, pageLoad: 300000, script: 30000}, unhandledPromptBehavior: dismiss and notify}
Session ID: 1463dc3bdc50221ed2fada91cac37dc4">
      <![CDATA[org.openqa.selenium.ElementClickInterceptedException: element click intercepted: Element <input type="submit" value="Login" class="btn btn-small"> is not clickable at point (946, 116). Other element would receive the click: <div id="preloader" style="opacity: 0.580136;">...</div>
  (Session info: chrome=80.0.3987.132)
Build info: version: '3.141.59', revision: 'e82be7d358', time: '2018-11-14T08:17:03'
System info: host: 'SHREE-PC', ip: '192.168.0.102', os.name: 'Windows 7', os.arch: 'x86', os.version: '6.1', java.version: '1.8.0_151'
Driver info: org.openqa.selenium.chrome.ChromeDriver
Capabilities {acceptInsecureCerts: false, browserName: chrome, browserVersion: 80.0.3987.132, chrome: {chromedriverVersion: 80.0.3987.16 (320f6526c1632..., userDataDir: C:\Users\Shree\AppData\Loca...}, goog:chromeOptions: {debuggerAddress: localhost:49662}, javascriptEnabled: true, networkConnectionEnabled: false, pageLoadStrategy: normal, platform: WINDOWS, platformName: WINDOWS, proxy: Proxy(), setWindowRect: true, strictFileInteractability: false, timeouts: {implicit: 0, pageLoad: 300000, script: 30000}, unhandledPromptBehavior: dismiss and notify}
Session ID: 1463dc3bdc50221ed2fada91cac37dc4
	at org.openqa.selenium.remote.http.W3CHttpResponseCodec.createException(W3CHttpResponseCodec.java:187)
	at org.openqa.selenium.remote.http.W3CHttpResponseCodec.decode(W3CHttpResponseCodec.java:122)
	at org.openqa.selenium.remote.http.W3CHttpResponseCodec.decode(W3CHttpResponseCodec.java:49)
	at org.openqa.selenium.remote.HttpCommandExecutor.execute(HttpCommandExecutor.java:158)
	at org.openqa.selenium.remote.service.DriverCommandExecutor.execute(DriverCommandExecutor.java:83)
	at org.openqa.selenium.remote.RemoteWebDriver.execute(RemoteWebDriver.java:552)
	at org.openqa.selenium.remote.RemoteWebElement.execute(RemoteWebElement.java:285)
	at org.openqa.selenium.remote.RemoteWebElement.click(RemoteWebElement.java:84)
	at org.openqa.selenium.support.events.EventFiringWebDriver$EventFiringWebElement.lambda$new$0(EventFiringWebDriver.java:404)
	at com.sun.proxy.$Proxy13.click(Unknown Source)
	at org.openqa.selenium.support.events.EventFiringWebDriver$EventFiringWebElement.click(EventFiringWebDriver.java:417)
	at org.openqa.selenium.support.pagefactory.internal.LocatingElementHandler.invoke(LocatingElementHandler.java:51)
	at com.sun.proxy.$Proxy12.click(Unknown Source)
	at com.crm.qa.pages.LoginPage.login(LoginPage.java:58)
	at com.crm.qa.testcases.LoginPageTest.loginTest(LoginPageTest.java:52)
... Removed 37 stack frames]]>
    </failure>
  </testcase> <!-- loginTest -->
  <testcase name="clickOnContactsTest" time="1.575" classname="com.crm.qa.testcases.HomePageTest"/>
  <testcase name="selectMultipleContactsCheckboxTest" time="0.188" classname="com.crm.qa.testcases.ContactsPageTest"/>
  <testcase name="clickOnNewContactLinkTest" time="8.381" classname="com.crm.qa.testcases.HomePageTest"/>
  <testcase name="clickOnNewContactLinkTest" time="9.069" classname="com.crm.qa.testcases.HomePageTest"/>
  <testcase name="clickOnNewContactLinkTest" time="8.182" classname="com.crm.qa.testcases.HomePageTest"/>
</testsuite> <!-- Test -->
